ARM GAS  C:\Users\bence\AppData\Local\Temp\ccmpDJBW.s 			page 1


   1              		.syntax unified
   2              		.cpu cortex-m3
   3              		.fpu softvfp
   4              		.eabi_attribute 20, 1
   5              		.eabi_attribute 21, 1
   6              		.eabi_attribute 23, 3
   7              		.eabi_attribute 24, 1
   8              		.eabi_attribute 25, 1
   9              		.eabi_attribute 26, 1
  10              		.eabi_attribute 30, 1
  11              		.eabi_attribute 34, 1
  12              		.eabi_attribute 18, 4
  13              		.thumb
  14              		.syntax unified
  15              		.file	"cymetadata.c"
  16              		.text
  17              	.Ltext0:
  18              		.cfi_sections	.debug_frame
  19              		.global	cy_metadata
  20              		.global	cy_meta_flashprotect
  21              		.global	cy_meta_wonvl
  22              		.global	cy_meta_custnvl
  23              		.global	cy_meta_configecc
  24              		.section	.cyconfigecc,"a",%progbits
  25              		.align	2
  26              		.type	cy_meta_configecc, %object
  27              		.size	cy_meta_configecc, 200
  28              	cy_meta_configecc:
  29 0000 01       		.byte	1
  30 0001 52       		.byte	82
  31 0002 00       		.byte	0
  32 0003 40       		.byte	64
  33 0004 01       		.byte	1
  34 0005 64       		.byte	100
  35 0006 00       		.byte	0
  36 0007 40       		.byte	64
  37 0008 03       		.byte	3
  38 0009 0B       		.byte	11
  39 000a 01       		.byte	1
  40 000b 40       		.byte	64
  41 000c 26       		.byte	38
  42 000d 0C       		.byte	12
  43 000e 01       		.byte	1
  44 000f 40       		.byte	64
  45 0010 16       		.byte	22
  46 0011 0D       		.byte	13
  47 0012 01       		.byte	1
  48 0013 40       		.byte	64
  49 0014 04       		.byte	4
  50 0015 45       		.byte	69
  51 0016 01       		.byte	1
  52 0017 40       		.byte	64
  53 0018 03       		.byte	3
  54 0019 46       		.byte	70
  55 001a 01       		.byte	1
  56 001b 40       		.byte	64
  57 001c 02       		.byte	2
ARM GAS  C:\Users\bence\AppData\Local\Temp\ccmpDJBW.s 			page 2


  58 001d 50       		.byte	80
  59 001e 01       		.byte	1
  60 001f 40       		.byte	64
  61 0020 11       		.byte	17
  62 0021 02       		.byte	2
  63 0022 8D       		.byte	-115
  64 0023 0D       		.byte	13
  65 0024 AB       		.byte	-85
  66 0025 80       		.byte	-128
  67 0026 B7       		.byte	-73
  68 0027 10       		.byte	16
  69 0028 EC       		.byte	-20
  70 0029 04       		.byte	4
  71 002a 84       		.byte	-124
  72 002b 02       		.byte	2
  73 002c 8E       		.byte	-114
  74 002d 05       		.byte	5
  75 002e 9B       		.byte	-101
  76 002f 01       		.byte	1
  77 0030 A6       		.byte	-90
  78 0031 0C       		.byte	12
  79 0032 A9       		.byte	-87
  80 0033 01       		.byte	1
  81 0034 AE       		.byte	-82
  82 0035 01       		.byte	1
  83 0036 B0       		.byte	-80
  84 0037 02       		.byte	2
  85 0038 B2       		.byte	-78
  86 0039 01       		.byte	1
  87 003a B4       		.byte	-76
  88 003b 08       		.byte	8
  89 003c B6       		.byte	-74
  90 003d 04       		.byte	4
  91 003e B7       		.byte	-73
  92 003f 01       		.byte	1
  93 0040 BE       		.byte	-66
  94 0041 04       		.byte	4
  95 0042 C0       		.byte	-64
  96 0043 40       		.byte	64
  97 0044 C1       		.byte	-63
  98 0045 05       		.byte	5
  99 0046 C5       		.byte	-59
 100 0047 D1       		.byte	-47
 101 0048 C7       		.byte	-57
 102 0049 20       		.byte	32
 103 004a C8       		.byte	-56
 104 004b 23       		.byte	35
 105 004c C9       		.byte	-55
 106 004d FF       		.byte	-1
 107 004e CA       		.byte	-54
 108 004f FF       		.byte	-1
 109 0050 CB       		.byte	-53
 110 0051 FF       		.byte	-1
 111 0052 CD       		.byte	-51
 112 0053 A0       		.byte	-96
 113 0054 CF       		.byte	-49
 114 0055 04       		.byte	4
ARM GAS  C:\Users\bence\AppData\Local\Temp\ccmpDJBW.s 			page 3


 115 0056 D0       		.byte	-48
 116 0057 18       		.byte	24
 117 0058 D4       		.byte	-44
 118 0059 05       		.byte	5
 119 005a D8       		.byte	-40
 120 005b 04       		.byte	4
 121 005c D9       		.byte	-39
 122 005d 04       		.byte	4
 123 005e DA       		.byte	-38
 124 005f 04       		.byte	4
 125 0060 DB       		.byte	-37
 126 0061 04       		.byte	4
 127 0062 DF       		.byte	-33
 128 0063 01       		.byte	1
 129 0064 E0       		.byte	-32
 130 0065 40       		.byte	64
 131 0066 E2       		.byte	-30
 132 0067 C0       		.byte	-64
 133 0068 E4       		.byte	-28
 134 0069 40       		.byte	64
 135 006a E5       		.byte	-27
 136 006b 40       		.byte	64
 137 006c E6       		.byte	-26
 138 006d C0       		.byte	-64
 139 006e E8       		.byte	-24
 140 006f C0       		.byte	-64
 141 0070 EA       		.byte	-22
 142 0071 C0       		.byte	-64
 143 0072 EC       		.byte	-20
 144 0073 C0       		.byte	-64
 145 0074 EE       		.byte	-18
 146 0075 C0       		.byte	-64
 147 0076 00       		.byte	0
 148 0077 40       		.byte	64
 149 0078 03       		.byte	3
 150 0079 10       		.byte	16
 151 007a 10       		.byte	16
 152 007b 22       		.byte	34
 153 007c 18       		.byte	24
 154 007d 40       		.byte	64
 155 007e 19       		.byte	25
 156 007f 14       		.byte	20
 157 0080 1B       		.byte	27
 158 0081 80       		.byte	-128
 159 0082 22       		.byte	34
 160 0083 40       		.byte	64
 161 0084 29       		.byte	41
 162 0085 10       		.byte	16
 163 0086 30       		.byte	48
 164 0087 20       		.byte	32
 165 0088 40       		.byte	64
 166 0089 40       		.byte	64
 167 008a 48       		.byte	72
 168 008b 22       		.byte	34
 169 008c 49       		.byte	73
 170 008d 01       		.byte	1
 171 008e 50       		.byte	80
ARM GAS  C:\Users\bence\AppData\Local\Temp\ccmpDJBW.s 			page 4


 172 008f 02       		.byte	2
 173 0090 59       		.byte	89
 174 0091 05       		.byte	5
 175 0092 5A       		.byte	90
 176 0093 80       		.byte	-128
 177 0094 C0       		.byte	-64
 178 0095 05       		.byte	5
 179 0096 C4       		.byte	-60
 180 0097 05       		.byte	5
 181 0098 CA       		.byte	-54
 182 0099 04       		.byte	4
 183 009a CC       		.byte	-52
 184 009b 04       		.byte	4
 185 009c D0       		.byte	-48
 186 009d 01       		.byte	1
 187 009e D2       		.byte	-46
 188 009f 08       		.byte	8
 189 00a0 D6       		.byte	-42
 190 00a1 0B       		.byte	11
 191 00a2 02       		.byte	2
 192 00a3 01       		.byte	1
 193 00a4 53       		.byte	83
 194 00a5 01       		.byte	1
 195 00a6 C0       		.byte	-64
 196 00a7 02       		.byte	2
 197 00a8 D4       		.byte	-44
 198 00a9 01       		.byte	1
 199 00aa AB       		.byte	-85
 200 00ab 01       		.byte	1
 201 00ac B6       		.byte	-74
 202 00ad 01       		.byte	1
 203 00ae EE       		.byte	-18
 204 00af 02       		.byte	2
 205 00b0 00       		.byte	0
 206 00b1 01       		.byte	1
 207 00b2 0E       		.byte	14
 208 00b3 01       		.byte	1
 209 00b4 00       		.byte	0
 210 00b5 0B       		.byte	11
 211 00b6 0B       		.byte	11
 212 00b7 00       		.byte	0
 213 00b8 00       		.byte	0
 214 00b9 00       		.byte	0
 215 00ba 00       		.byte	0
 216 00bb 00       		.byte	0
 217 00bc 04       		.byte	4
 218 00bd 00       		.byte	0
 219 00be 00       		.byte	0
 220 00bf 06       		.byte	6
 221 00c0 02       		.byte	2
 222 00c1 00       		.byte	0
 223 00c2 02       		.byte	2
 224 00c3 00       		.byte	0
 225 00c4 00       		.byte	0
 226 00c5 00       		.byte	0
 227 00c6 00       		.byte	0
 228 00c7 00       		.byte	0
ARM GAS  C:\Users\bence\AppData\Local\Temp\ccmpDJBW.s 			page 5


 229              		.section	.cywolatch,"a",%progbits
 230              		.align	2
 231              		.type	cy_meta_wonvl, %object
 232              		.size	cy_meta_wonvl, 4
 233              	cy_meta_wonvl:
 234 0000 BC       		.byte	-68
 235 0001 90       		.byte	-112
 236 0002 AC       		.byte	-84
 237 0003 AF       		.byte	-81
 238              		.section	.cycustnvl,"a",%progbits
 239              		.align	2
 240              		.type	cy_meta_custnvl, %object
 241              		.size	cy_meta_custnvl, 4
 242              	cy_meta_custnvl:
 243 0000 00       		.byte	0
 244 0001 00       		.byte	0
 245 0002 40       		.byte	64
 246 0003 05       		.byte	5
 247              		.section	.cymeta,"a",%progbits
 248              		.align	2
 249              		.type	cy_metadata, %object
 250              		.size	cy_metadata, 12
 251              	cy_metadata:
 252 0000 00       		.byte	0
 253 0001 01       		.byte	1
 254 0002 2E       		.byte	46
 255 0003 16       		.byte	22
 256 0004 10       		.byte	16
 257 0005 69       		.byte	105
 258 0006 00       		.byte	0
 259 0007 01       		.byte	1
 260 0008 00       		.byte	0
 261 0009 00       		.byte	0
 262 000a 00       		.byte	0
 263 000b 00       		.byte	0
 264              		.section	.cyflashprotect,"a",%progbits
 265              		.align	2
 266              		.type	cy_meta_flashprotect, %object
 267              		.size	cy_meta_flashprotect, 256
 268              	cy_meta_flashprotect:
 269 0000 00000000 		.space	256
 269      00000000 
 269      00000000 
 269      00000000 
 269      00000000 
 270              		.text
 271              	.Letext0:
 272              		.file 1 "c:\\program files (x86)\\cypress\\psoc creator\\4.2\\psoc creator\\import\\gnu\\arm\\5.4.
 273              		.file 2 "c:\\program files (x86)\\cypress\\psoc creator\\4.2\\psoc creator\\import\\gnu\\arm\\5.4.
 274              		.file 3 "Generated_Source\\PSoC5\\cymetadata.c"
 275              		.section	.debug_info,"",%progbits
 276              	.Ldebug_info0:
 277 0000 30010000 		.4byte	0x130
 278 0004 0400     		.2byte	0x4
 279 0006 00000000 		.4byte	.Ldebug_abbrev0
 280 000a 04       		.byte	0x4
 281 000b 01       		.uleb128 0x1
ARM GAS  C:\Users\bence\AppData\Local\Temp\ccmpDJBW.s 			page 6


 282 000c 78000000 		.4byte	.LASF17
 283 0010 0C       		.byte	0xc
 284 0011 D2010000 		.4byte	.LASF18
 285 0015 0A000000 		.4byte	.LASF19
 286 0019 00000000 		.4byte	.Ldebug_line0
 287 001d 02       		.uleb128 0x2
 288 001e 01       		.byte	0x1
 289 001f 06       		.byte	0x6
 290 0020 C6010000 		.4byte	.LASF0
 291 0024 03       		.uleb128 0x3
 292 0025 00000000 		.4byte	.LASF9
 293 0029 01       		.byte	0x1
 294 002a 1D       		.byte	0x1d
 295 002b 2F000000 		.4byte	0x2f
 296 002f 02       		.uleb128 0x2
 297 0030 01       		.byte	0x1
 298 0031 08       		.byte	0x8
 299 0032 6A000000 		.4byte	.LASF1
 300 0036 02       		.uleb128 0x2
 301 0037 02       		.byte	0x2
 302 0038 05       		.byte	0x5
 303 0039 B3010000 		.4byte	.LASF2
 304 003d 02       		.uleb128 0x2
 305 003e 02       		.byte	0x2
 306 003f 07       		.byte	0x7
 307 0040 18010000 		.4byte	.LASF3
 308 0044 02       		.uleb128 0x2
 309 0045 04       		.byte	0x4
 310 0046 05       		.byte	0x5
 311 0047 BD010000 		.4byte	.LASF4
 312 004b 02       		.uleb128 0x2
 313 004c 04       		.byte	0x4
 314 004d 07       		.byte	0x7
 315 004e 06010000 		.4byte	.LASF5
 316 0052 02       		.uleb128 0x2
 317 0053 08       		.byte	0x8
 318 0054 05       		.byte	0x5
 319 0055 A5010000 		.4byte	.LASF6
 320 0059 02       		.uleb128 0x2
 321 005a 08       		.byte	0x8
 322 005b 07       		.byte	0x7
 323 005c 5A010000 		.4byte	.LASF7
 324 0060 04       		.uleb128 0x4
 325 0061 04       		.byte	0x4
 326 0062 05       		.byte	0x5
 327 0063 696E7400 		.ascii	"int\000"
 328 0067 02       		.uleb128 0x2
 329 0068 04       		.byte	0x4
 330 0069 07       		.byte	0x7
 331 006a 4D010000 		.4byte	.LASF8
 332 006e 03       		.uleb128 0x3
 333 006f 71010000 		.4byte	.LASF10
 334 0073 02       		.byte	0x2
 335 0074 18       		.byte	0x18
 336 0075 24000000 		.4byte	0x24
 337 0079 05       		.uleb128 0x5
 338 007a 90000000 		.4byte	0x90
ARM GAS  C:\Users\bence\AppData\Local\Temp\ccmpDJBW.s 			page 7


 339 007e 89000000 		.4byte	0x89
 340 0082 06       		.uleb128 0x6
 341 0083 89000000 		.4byte	0x89
 342 0087 C7       		.byte	0xc7
 343 0088 00       		.byte	0
 344 0089 02       		.uleb128 0x2
 345 008a 04       		.byte	0x4
 346 008b 07       		.byte	0x7
 347 008c 9C010000 		.4byte	.LASF11
 348 0090 07       		.uleb128 0x7
 349 0091 6E000000 		.4byte	0x6e
 350 0095 08       		.uleb128 0x8
 351 0096 3B010000 		.4byte	.LASF12
 352 009a 03       		.byte	0x3
 353 009b 1F       		.byte	0x1f
 354 009c A6000000 		.4byte	0xa6
 355 00a0 05       		.uleb128 0x5
 356 00a1 03       		.byte	0x3
 357 00a2 00000000 		.4byte	cy_meta_configecc
 358 00a6 07       		.uleb128 0x7
 359 00a7 79000000 		.4byte	0x79
 360 00ab 05       		.uleb128 0x5
 361 00ac 90000000 		.4byte	0x90
 362 00b0 BB000000 		.4byte	0xbb
 363 00b4 06       		.uleb128 0x6
 364 00b5 89000000 		.4byte	0x89
 365 00b9 03       		.byte	0x3
 366 00ba 00       		.byte	0
 367 00bb 08       		.uleb128 0x8
 368 00bc 2B010000 		.4byte	.LASF13
 369 00c0 03       		.byte	0x3
 370 00c1 45       		.byte	0x45
 371 00c2 CC000000 		.4byte	0xcc
 372 00c6 05       		.uleb128 0x5
 373 00c7 03       		.byte	0x3
 374 00c8 00000000 		.4byte	cy_meta_custnvl
 375 00cc 07       		.uleb128 0x7
 376 00cd AB000000 		.4byte	0xab
 377 00d1 08       		.uleb128 0x8
 378 00d2 8E010000 		.4byte	.LASF14
 379 00d6 03       		.byte	0x3
 380 00d7 53       		.byte	0x53
 381 00d8 E2000000 		.4byte	0xe2
 382 00dc 05       		.uleb128 0x5
 383 00dd 03       		.byte	0x3
 384 00de 00000000 		.4byte	cy_meta_wonvl
 385 00e2 07       		.uleb128 0x7
 386 00e3 AB000000 		.4byte	0xab
 387 00e7 05       		.uleb128 0x5
 388 00e8 90000000 		.4byte	0x90
 389 00ec F7000000 		.4byte	0xf7
 390 00f0 06       		.uleb128 0x6
 391 00f1 89000000 		.4byte	0x89
 392 00f5 FF       		.byte	0xff
 393 00f6 00       		.byte	0
 394 00f7 08       		.uleb128 0x8
 395 00f8 79010000 		.4byte	.LASF15
ARM GAS  C:\Users\bence\AppData\Local\Temp\ccmpDJBW.s 			page 8


 396 00fc 03       		.byte	0x3
 397 00fd 61       		.byte	0x61
 398 00fe 08010000 		.4byte	0x108
 399 0102 05       		.uleb128 0x5
 400 0103 03       		.byte	0x3
 401 0104 00000000 		.4byte	cy_meta_flashprotect
 402 0108 07       		.uleb128 0x7
 403 0109 E7000000 		.4byte	0xe7
 404 010d 05       		.uleb128 0x5
 405 010e 90000000 		.4byte	0x90
 406 0112 1D010000 		.4byte	0x11d
 407 0116 06       		.uleb128 0x6
 408 0117 89000000 		.4byte	0x89
 409 011b 0B       		.byte	0xb
 410 011c 00       		.byte	0
 411 011d 08       		.uleb128 0x8
 412 011e 5E000000 		.4byte	.LASF16
 413 0122 03       		.byte	0x3
 414 0123 8E       		.byte	0x8e
 415 0124 2E010000 		.4byte	0x12e
 416 0128 05       		.uleb128 0x5
 417 0129 03       		.byte	0x3
 418 012a 00000000 		.4byte	cy_metadata
 419 012e 07       		.uleb128 0x7
 420 012f 0D010000 		.4byte	0x10d
 421 0133 00       		.byte	0
 422              		.section	.debug_abbrev,"",%progbits
 423              	.Ldebug_abbrev0:
 424 0000 01       		.uleb128 0x1
 425 0001 11       		.uleb128 0x11
 426 0002 01       		.byte	0x1
 427 0003 25       		.uleb128 0x25
 428 0004 0E       		.uleb128 0xe
 429 0005 13       		.uleb128 0x13
 430 0006 0B       		.uleb128 0xb
 431 0007 03       		.uleb128 0x3
 432 0008 0E       		.uleb128 0xe
 433 0009 1B       		.uleb128 0x1b
 434 000a 0E       		.uleb128 0xe
 435 000b 10       		.uleb128 0x10
 436 000c 17       		.uleb128 0x17
 437 000d 00       		.byte	0
 438 000e 00       		.byte	0
 439 000f 02       		.uleb128 0x2
 440 0010 24       		.uleb128 0x24
 441 0011 00       		.byte	0
 442 0012 0B       		.uleb128 0xb
 443 0013 0B       		.uleb128 0xb
 444 0014 3E       		.uleb128 0x3e
 445 0015 0B       		.uleb128 0xb
 446 0016 03       		.uleb128 0x3
 447 0017 0E       		.uleb128 0xe
 448 0018 00       		.byte	0
 449 0019 00       		.byte	0
 450 001a 03       		.uleb128 0x3
 451 001b 16       		.uleb128 0x16
 452 001c 00       		.byte	0
ARM GAS  C:\Users\bence\AppData\Local\Temp\ccmpDJBW.s 			page 9


 453 001d 03       		.uleb128 0x3
 454 001e 0E       		.uleb128 0xe
 455 001f 3A       		.uleb128 0x3a
 456 0020 0B       		.uleb128 0xb
 457 0021 3B       		.uleb128 0x3b
 458 0022 0B       		.uleb128 0xb
 459 0023 49       		.uleb128 0x49
 460 0024 13       		.uleb128 0x13
 461 0025 00       		.byte	0
 462 0026 00       		.byte	0
 463 0027 04       		.uleb128 0x4
 464 0028 24       		.uleb128 0x24
 465 0029 00       		.byte	0
 466 002a 0B       		.uleb128 0xb
 467 002b 0B       		.uleb128 0xb
 468 002c 3E       		.uleb128 0x3e
 469 002d 0B       		.uleb128 0xb
 470 002e 03       		.uleb128 0x3
 471 002f 08       		.uleb128 0x8
 472 0030 00       		.byte	0
 473 0031 00       		.byte	0
 474 0032 05       		.uleb128 0x5
 475 0033 01       		.uleb128 0x1
 476 0034 01       		.byte	0x1
 477 0035 49       		.uleb128 0x49
 478 0036 13       		.uleb128 0x13
 479 0037 01       		.uleb128 0x1
 480 0038 13       		.uleb128 0x13
 481 0039 00       		.byte	0
 482 003a 00       		.byte	0
 483 003b 06       		.uleb128 0x6
 484 003c 21       		.uleb128 0x21
 485 003d 00       		.byte	0
 486 003e 49       		.uleb128 0x49
 487 003f 13       		.uleb128 0x13
 488 0040 2F       		.uleb128 0x2f
 489 0041 0B       		.uleb128 0xb
 490 0042 00       		.byte	0
 491 0043 00       		.byte	0
 492 0044 07       		.uleb128 0x7
 493 0045 26       		.uleb128 0x26
 494 0046 00       		.byte	0
 495 0047 49       		.uleb128 0x49
 496 0048 13       		.uleb128 0x13
 497 0049 00       		.byte	0
 498 004a 00       		.byte	0
 499 004b 08       		.uleb128 0x8
 500 004c 34       		.uleb128 0x34
 501 004d 00       		.byte	0
 502 004e 03       		.uleb128 0x3
 503 004f 0E       		.uleb128 0xe
 504 0050 3A       		.uleb128 0x3a
 505 0051 0B       		.uleb128 0xb
 506 0052 3B       		.uleb128 0x3b
 507 0053 0B       		.uleb128 0xb
 508 0054 49       		.uleb128 0x49
 509 0055 13       		.uleb128 0x13
ARM GAS  C:\Users\bence\AppData\Local\Temp\ccmpDJBW.s 			page 10


 510 0056 3F       		.uleb128 0x3f
 511 0057 19       		.uleb128 0x19
 512 0058 02       		.uleb128 0x2
 513 0059 18       		.uleb128 0x18
 514 005a 00       		.byte	0
 515 005b 00       		.byte	0
 516 005c 00       		.byte	0
 517              		.section	.debug_aranges,"",%progbits
 518 0000 14000000 		.4byte	0x14
 519 0004 0200     		.2byte	0x2
 520 0006 00000000 		.4byte	.Ldebug_info0
 521 000a 04       		.byte	0x4
 522 000b 00       		.byte	0
 523 000c 0000     		.2byte	0
 524 000e 0000     		.2byte	0
 525 0010 00000000 		.4byte	0
 526 0014 00000000 		.4byte	0
 527              		.section	.debug_line,"",%progbits
 528              	.Ldebug_line0:
 529 0000 3D010000 		.section	.debug_str,"MS",%progbits,1
 529      02003701 
 529      00000201 
 529      FB0E0D00 
 529      01010101 
 530              	.LASF9:
 531 0000 5F5F7569 		.ascii	"__uint8_t\000"
 531      6E74385F 
 531      7400
 532              	.LASF19:
 533 000a 433A5C55 		.ascii	"C:\\Users\\bence\\Documents\\PSoC Creator\\CE195352"
 533      73657273 
 533      5C62656E 
 533      63655C44 
 533      6F63756D 
 534 0038 5F50536F 		.ascii	"_PSoC_5LP_Blinking_LED\\Lesson 4.cydsn\000"
 534      435F354C 
 534      505F426C 
 534      696E6B69 
 534      6E675F4C 
 535              	.LASF16:
 536 005e 63795F6D 		.ascii	"cy_metadata\000"
 536      65746164 
 536      61746100 
 537              	.LASF1:
 538 006a 756E7369 		.ascii	"unsigned char\000"
 538      676E6564 
 538      20636861 
 538      7200
 539              	.LASF17:
 540 0078 474E5520 		.ascii	"GNU C11 5.4.1 20160609 (release) [ARM/embedded-5-br"
 540      43313120 
 540      352E342E 
 540      31203230 
 540      31363036 
 541 00ab 616E6368 		.ascii	"anch revision 237715] -mcpu=cortex-m3 -mthumb -g -O"
 541      20726576 
 541      6973696F 
ARM GAS  C:\Users\bence\AppData\Local\Temp\ccmpDJBW.s 			page 11


 541      6E203233 
 541      37373135 
 542 00de 67202D66 		.ascii	"g -ffunction-sections -ffat-lto-objects\000"
 542      66756E63 
 542      74696F6E 
 542      2D736563 
 542      74696F6E 
 543              	.LASF5:
 544 0106 6C6F6E67 		.ascii	"long unsigned int\000"
 544      20756E73 
 544      69676E65 
 544      6420696E 
 544      7400
 545              	.LASF3:
 546 0118 73686F72 		.ascii	"short unsigned int\000"
 546      7420756E 
 546      7369676E 
 546      65642069 
 546      6E7400
 547              	.LASF13:
 548 012b 63795F6D 		.ascii	"cy_meta_custnvl\000"
 548      6574615F 
 548      63757374 
 548      6E766C00 
 549              	.LASF12:
 550 013b 63795F6D 		.ascii	"cy_meta_configecc\000"
 550      6574615F 
 550      636F6E66 
 550      69676563 
 550      6300
 551              	.LASF8:
 552 014d 756E7369 		.ascii	"unsigned int\000"
 552      676E6564 
 552      20696E74 
 552      00
 553              	.LASF7:
 554 015a 6C6F6E67 		.ascii	"long long unsigned int\000"
 554      206C6F6E 
 554      6720756E 
 554      7369676E 
 554      65642069 
 555              	.LASF10:
 556 0171 75696E74 		.ascii	"uint8_t\000"
 556      385F7400 
 557              	.LASF15:
 558 0179 63795F6D 		.ascii	"cy_meta_flashprotect\000"
 558      6574615F 
 558      666C6173 
 558      6870726F 
 558      74656374 
 559              	.LASF14:
 560 018e 63795F6D 		.ascii	"cy_meta_wonvl\000"
 560      6574615F 
 560      776F6E76 
 560      6C00
 561              	.LASF11:
 562 019c 73697A65 		.ascii	"sizetype\000"
ARM GAS  C:\Users\bence\AppData\Local\Temp\ccmpDJBW.s 			page 12


 562      74797065 
 562      00
 563              	.LASF6:
 564 01a5 6C6F6E67 		.ascii	"long long int\000"
 564      206C6F6E 
 564      6720696E 
 564      7400
 565              	.LASF2:
 566 01b3 73686F72 		.ascii	"short int\000"
 566      7420696E 
 566      7400
 567              	.LASF4:
 568 01bd 6C6F6E67 		.ascii	"long int\000"
 568      20696E74 
 568      00
 569              	.LASF0:
 570 01c6 7369676E 		.ascii	"signed char\000"
 570      65642063 
 570      68617200 
 571              	.LASF18:
 572 01d2 47656E65 		.ascii	"Generated_Source\\PSoC5\\cymetadata.c\000"
 572      72617465 
 572      645F536F 
 572      75726365 
 572      5C50536F 
 573              		.ident	"GCC: (GNU Tools for ARM Embedded Processors) 5.4.1 20160609 (release) [ARM/embedded-5-bran
